<?xml version="1.0" encoding="UTF-8"?>
<!-- Generated by org.testng.reporters.JUnitXMLReporter -->
<testsuite hostname="qainfotech-HP-Pro-3090-Microtower-PC" name="Default test" tests="2" failures="0" timestamp="29 Mar 2019 08:34:19 GMT" time="2.368" errors="0">
  <testcase name="Test01_readData" time="1.433" classname="com.qait.ReadSpreadsheet.SpreadsheetTest"/>
  <testcase name="whenWriteSheet_thenReadSheetOk" time="0.916" classname="com.qait.ReadSpreadsheet.SpreadsheetTest"/>
</testsuite> <!-- Default test -->
